<?xml version="1.0" encoding="UTF-8"?>
<!-- Generated by org.testng.reporters.JUnitXMLReporter -->
<testsuite ignored="0" hostname="DESKTOP-GUNP9G1" failures="0" tests="4" name="Default test" time="32.928" errors="0" timestamp="2022-04-11T06:27:47 IST">
  <testcase classname="CloudScale.HomePageTest" name="searchItem" time="4.511"/>
  <testcase classname="CloudScale.HomePageTest" name="addToCart" time="23.827"/>
  <testcase classname="CloudScale.HomePageTest" name="quantityTo10" time="3.885"/>
  <testcase classname="CloudScale.HomePageTest" name="deleteCart" time="0.609"/>
</testsuite> <!-- Default test -->
