<?xml version="1.0" encoding="UTF-8"?>
<!-- Generated by org.testng.reporters.JUnitXMLReporter -->
<testsuite ignored="0" hostname="DESKTOP-GUNP9G1" failures="0" tests="6" name="Default test" time="53.313" errors="0" timestamp="2022-04-11T06:55:05 IST">
  <testcase classname="CloudScale.HomePageTest" name="searchItem" time="2.71"/>
  <testcase classname="CloudScale.HomePageTest" name="searchItem" time="6.115"/>
  <testcase classname="CloudScale.HomePageTest" name="searchItem" time="2.255"/>
  <testcase classname="CloudScale.HomePageTest" name="addToCart" time="27.956"/>
  <testcase classname="CloudScale.HomePageTest" name="quantityTo10" time="13.587"/>
  <testcase classname="CloudScale.HomePageTest" name="deleteCart" time="0.578"/>
</testsuite> <!-- Default test -->
