<?xml version="1.0" encoding="UTF-8"?>
<!-- Generated by org.testng.reporters.JUnitXMLReporter -->
<testsuite ignored="0" hostname="DESKTOP-GUNP9G1" failures="0" tests="3" name="Test" time="40.018" errors="0" timestamp="2022-04-07T10:34:26 IST">
  <testcase classname="CloudScale.AppTest" name="shouldAnswerWithTrue" time="0.003"/>
  <testcase classname="CloudScale.HomePageTest" name="basePageNavigation" time="9.526"/>
  <testcase classname="CloudScale.secoundTest" name="addToCart" time="8.334"/>
</testsuite> <!-- Test -->
