<?xml version="1.0" encoding="UTF-8"?>
<testng-results ignored="0" total="3" passed="3" failed="0" skipped="0">
  <reporter-output>
  </reporter-output>
  <suite started-at="2022-04-07T10:33:45 IST" name="Suite" finished-at="2022-04-07T10:34:25 IST" duration-ms="40018">
    <groups>
    </groups>
    <test started-at="2022-04-07T10:33:45 IST" name="Test" finished-at="2022-04-07T10:34:25 IST" duration-ms="40018">
      <class name="CloudScale.AppTest">
        <test-method signature="shouldAnswerWithTrue()[pri:0, instance:CloudScale.AppTest@6e4784bc]" started-at="2022-04-07T10:34:08 IST" name="shouldAnswerWithTrue" finished-at="2022-04-07T10:34:08 IST" duration-ms="3" status="PASS">
          <reporter-output>
          </reporter-output>
        </test-method> <!-- shouldAnswerWithTrue -->
      </class> <!-- CloudScale.AppTest -->
      <class name="CloudScale.secoundTest">
        <test-method is-config="true" signature="initialize()[pri:0, instance:CloudScale.secoundTest@3d51f06e]" started-at="2022-04-07T10:33:55 IST" name="initialize" finished-at="2022-04-07T10:34:07 IST" duration-ms="12228" status="PASS">
          <reporter-output>
          </reporter-output>
        </test-method> <!-- initialize -->
        <test-method signature="addToCart(java.lang.String)[pri:0, instance:CloudScale.secoundTest@3d51f06e]" started-at="2022-04-07T10:34:17 IST" name="addToCart" data-provider="getData" finished-at="2022-04-07T10:34:25 IST" duration-ms="8334" status="PASS">
          <params>
            <param index="0">
              <value>
                <![CDATA[mobile]]>
              </value>
            </param>
          </params>
          <reporter-output>
          </reporter-output>
        </test-method> <!-- addToCart -->
      </class> <!-- CloudScale.secoundTest -->
      <class name="CloudScale.HomePageTest">
        <test-method is-config="true" signature="initialize()[pri:0, instance:CloudScale.HomePageTest@481a996b]" started-at="2022-04-07T10:33:45 IST" name="initialize" finished-at="2022-04-07T10:33:55 IST" duration-ms="9428" status="PASS">
          <reporter-output>
          </reporter-output>
        </test-method> <!-- initialize -->
        <test-method signature="basePageNavigation(java.lang.String)[pri:0, instance:CloudScale.HomePageTest@481a996b]" started-at="2022-04-07T10:34:08 IST" name="basePageNavigation" data-provider="getData" finished-at="2022-04-07T10:34:17 IST" duration-ms="9526" status="PASS">
          <params>
            <param index="0">
              <value>
                <![CDATA[mobile]]>
              </value>
            </param>
          </params>
          <reporter-output>
          </reporter-output>
        </test-method> <!-- basePageNavigation -->
      </class> <!-- CloudScale.HomePageTest -->
    </test> <!-- Test -->
  </suite> <!-- Suite -->
</testng-results>
