<?xml version="1.0" encoding="UTF-8"?>
<!-- Generated by org.testng.reporters.JUnitXMLReporter -->
<testsuite ignored="0" hostname="DESKTOP-GUNP9G1" failures="0" tests="4" name="Amazon" time="24.493" errors="0" timestamp="2022-04-11T06:13:12 IST">
  <testcase classname="CloudScale.HomePageTest" name="searchItem" time="3.371"/>
  <testcase classname="CloudScale.HomePageTest" name="addToCart" time="17.293"/>
  <testcase classname="CloudScale.HomePageTest" name="quantityTo10" time="3.203"/>
  <testcase classname="CloudScale.HomePageTest" name="deleteCart" time="0.553"/>
</testsuite> <!-- Amazon -->
