<?xml version="1.0" encoding="UTF-8"?>
<testng-results ignored="0" total="6" passed="6" failed="0" skipped="0">
  <reporter-output>
  </reporter-output>
  <suite started-at="2022-04-11T06:54:11 IST" name="Default suite" finished-at="2022-04-11T06:55:05 IST" duration-ms="53313">
    <groups>
    </groups>
    <test started-at="2022-04-11T06:54:11 IST" name="Default test" finished-at="2022-04-11T06:55:05 IST" duration-ms="53313">
      <class name="CloudScale.HomePageTest">
        <test-method is-config="true" signature="initialize()[pri:0, instance:CloudScale.HomePageTest@31fa1761]" started-at="2022-04-11T06:53:58 IST" name="initialize" finished-at="2022-04-11T06:54:11 IST" duration-ms="13013" status="PASS">
          <reporter-output>
          </reporter-output>
        </test-method> <!-- initialize -->
        <test-method signature="searchItem(java.lang.String)[pri:1, instance:CloudScale.HomePageTest@31fa1761]" started-at="2022-04-11T06:54:11 IST" name="searchItem" data-provider="sendData" finished-at="2022-04-11T06:54:14 IST" duration-ms="2710" status="PASS">
          <params>
            <param index="0">
              <value>
                <![CDATA[mobile]]>
              </value>
            </param>
          </params>
          <reporter-output>
          </reporter-output>
        </test-method> <!-- searchItem -->
        <test-method signature="searchItem(java.lang.String)[pri:1, instance:CloudScale.HomePageTest@31fa1761]" started-at="2022-04-11T06:54:14 IST" name="searchItem" data-provider="sendData" finished-at="2022-04-11T06:54:20 IST" duration-ms="6115" status="PASS">
          <params>
            <param index="0">
              <value>
                <![CDATA[phone]]>
              </value>
            </param>
          </params>
          <reporter-output>
          </reporter-output>
        </test-method> <!-- searchItem -->
        <test-method signature="searchItem(java.lang.String)[pri:1, instance:CloudScale.HomePageTest@31fa1761]" started-at="2022-04-11T06:54:20 IST" name="searchItem" data-provider="sendData" finished-at="2022-04-11T06:54:23 IST" duration-ms="2255" status="PASS">
          <params>
            <param index="0">
              <value>
                <![CDATA[smart phone]]>
              </value>
            </param>
          </params>
          <reporter-output>
          </reporter-output>
        </test-method> <!-- searchItem -->
        <test-method signature="addToCart()[pri:0, instance:CloudScale.HomePageTest@31fa1761]" started-at="2022-04-11T06:54:23 IST" name="addToCart" finished-at="2022-04-11T06:54:50 IST" depends-on-methods="CloudScale.HomePageTest.searchItem" duration-ms="27956" status="PASS">
          <reporter-output>
          </reporter-output>
        </test-method> <!-- addToCart -->
        <test-method signature="quantityTo10()[pri:0, instance:CloudScale.HomePageTest@31fa1761]" started-at="2022-04-11T06:54:51 IST" name="quantityTo10" finished-at="2022-04-11T06:55:04 IST" depends-on-methods="CloudScale.HomePageTest.addToCart" duration-ms="13587" status="PASS">
          <reporter-output>
          </reporter-output>
        </test-method> <!-- quantityTo10 -->
        <test-method signature="deleteCart()[pri:0, instance:CloudScale.HomePageTest@31fa1761]" started-at="2022-04-11T06:55:04 IST" name="deleteCart" finished-at="2022-04-11T06:55:05 IST" depends-on-methods="CloudScale.HomePageTest.quantityTo10" duration-ms="578" status="PASS">
          <reporter-output>
          </reporter-output>
        </test-method> <!-- deleteCart -->
        <test-method is-config="true" signature="close()[pri:0, instance:CloudScale.HomePageTest@31fa1761]" started-at="2022-04-11T06:55:05 IST" name="close" finished-at="2022-04-11T06:55:05 IST" duration-ms="1" status="PASS">
          <reporter-output>
          </reporter-output>
        </test-method> <!-- close -->
      </class> <!-- CloudScale.HomePageTest -->
    </test> <!-- Default test -->
  </suite> <!-- Default suite -->
</testng-results>
