<?xml version="1.0" encoding="UTF-8"?>
<testng-results ignored="0" total="2" passed="2" failed="0" skipped="0">
  <reporter-output>
  </reporter-output>
  <suite started-at="2022-04-07T10:48:13 IST" name="Suite" finished-at="2022-04-07T10:48:45 IST" duration-ms="32198">
    <groups>
    </groups>
    <test started-at="2022-04-07T10:48:13 IST" name="ValidateProducts" finished-at="2022-04-07T10:48:27 IST" duration-ms="14038">
      <class name="CloudScale.HomePageTest">
        <test-method is-config="true" signature="initialize()[pri:0, instance:CloudScale.HomePageTest@7c711375]" started-at="2022-04-07T10:48:13 IST" name="initialize" finished-at="2022-04-07T10:48:22 IST" duration-ms="9063" status="PASS">
          <reporter-output>
          </reporter-output>
        </test-method> <!-- initialize -->
        <test-method signature="basePageNavigation(java.lang.String)[pri:0, instance:CloudScale.HomePageTest@7c711375]" started-at="2022-04-07T10:48:22 IST" name="basePageNavigation" data-provider="getData" finished-at="2022-04-07T10:48:27 IST" duration-ms="4761" status="PASS">
          <params>
            <param index="0">
              <value>
                <![CDATA[mobile]]>
              </value>
            </param>
          </params>
          <reporter-output>
          </reporter-output>
        </test-method> <!-- basePageNavigation -->
      </class> <!-- CloudScale.HomePageTest -->
    </test> <!-- ValidateProducts -->
    <test started-at="2022-04-07T10:48:27 IST" name="ValidateCart" finished-at="2022-04-07T10:48:45 IST" duration-ms="17968">
      <class name="CloudScale.secoundTest">
        <test-method is-config="true" signature="initialize()[pri:0, instance:CloudScale.secoundTest@73e9cf30]" started-at="2022-04-07T10:48:27 IST" name="initialize" finished-at="2022-04-07T10:48:40 IST" duration-ms="13358" status="PASS">
          <reporter-output>
          </reporter-output>
        </test-method> <!-- initialize -->
        <test-method signature="addToCart(java.lang.String)[pri:0, instance:CloudScale.secoundTest@73e9cf30]" started-at="2022-04-07T10:48:40 IST" name="addToCart" data-provider="getData" finished-at="2022-04-07T10:48:45 IST" duration-ms="4604" status="PASS">
          <params>
            <param index="0">
              <value>
                <![CDATA[mobile]]>
              </value>
            </param>
          </params>
          <reporter-output>
          </reporter-output>
        </test-method> <!-- addToCart -->
      </class> <!-- CloudScale.secoundTest -->
    </test> <!-- ValidateCart -->
  </suite> <!-- Suite -->
</testng-results>
